Using pre-set license
Built from '6000.0/staging' branch; Version is '6000.0.26f1 (ccb7c73d2c02) revision 13416391'; Using compiler version '193933523'; Build Type 'Release'
OS: 'Windows 11  (10.0.22631) 64bit Professional' Language: 'en' Physical Memory: 15741 MB
BatchMode: 1, IsHumanControllingUs: 0, StartBugReporterOnCrash: 0, Is64bit: 1, IsPro: 1

COMMAND LINE ARGUMENTS:
C:\Program Files\Unity 6000.0.26f1\Editor\Unity.exe
-adb2
-batchMode
-noUpm
-name
AssetImportWorker2
-projectPath
C:/EscapeHome/EscapeHome/Homescape - The CATastrophy
-logFile
Logs/AssetImportWorker2.log
-srvPort
56735
-job-worker-count
7
-background-job-worker-count
8
-asset-garbage-collectors
1
Successfully changed project path to: C:/EscapeHome/EscapeHome/Homescape - The CATastrophy
C:/EscapeHome/EscapeHome/Homescape - The CATastrophy
[UnityMemory] Configuration Parameters - Can be set up in boot.config
    "memorysetup-bucket-allocator-granularity=16"
    "memorysetup-bucket-allocator-bucket-count=8"
    "memorysetup-bucket-allocator-block-size=33554432"
    "memorysetup-bucket-allocator-block-count=8"
    "memorysetup-main-allocator-block-size=16777216"
    "memorysetup-thread-allocator-block-size=16777216"
    "memorysetup-gfx-main-allocator-block-size=16777216"
    "memorysetup-gfx-thread-allocator-block-size=16777216"
    "memorysetup-cache-allocator-block-size=4194304"
    "memorysetup-typetree-allocator-block-size=2097152"
    "memorysetup-profiler-bucket-allocator-granularity=16"
    "memorysetup-profiler-bucket-allocator-bucket-count=8"
    "memorysetup-profiler-bucket-allocator-block-size=33554432"
    "memorysetup-profiler-bucket-allocator-block-count=8"
    "memorysetup-profiler-allocator-block-size=16777216"
    "memorysetup-profiler-editor-allocator-block-size=1048576"
    "memorysetup-temp-allocator-size-main=16777216"
    "memorysetup-job-temp-allocator-block-size=2097152"
    "memorysetup-job-temp-allocator-block-size-background=1048576"
    "memorysetup-job-temp-allocator-reduction-small-platforms=262144"
    "memorysetup-allocator-temp-initial-block-size-main=262144"
    "memorysetup-allocator-temp-initial-block-size-worker=262144"
    "memorysetup-temp-allocator-size-background-worker=32768"
    "memorysetup-temp-allocator-size-job-worker=262144"
    "memorysetup-temp-allocator-size-preload-manager=33554432"
    "memorysetup-temp-allocator-size-nav-mesh-worker=65536"
    "memorysetup-temp-allocator-size-audio-worker=65536"
    "memorysetup-temp-allocator-size-cloud-worker=32768"
    "memorysetup-temp-allocator-size-gi-baking-worker=262144"
    "memorysetup-temp-allocator-size-gi-baking-worker=262144"
    "memorysetup-temp-allocator-size-gi-baking-worker=262144"
    "memorysetup-temp-allocator-size-gi-baking-worker=262144"
    "memorysetup-temp-allocator-size-gi-baking-worker=262144"
    "memorysetup-temp-allocator-size-gfx=262144"
Player connection [37640]  Target information:

Player connection [37640]  * "[IP] 192.168.56.1 [Port] 0 [Flags] 2 [Guid] 2928231253 [EditorId] 2928231253 [Version] 1048832 [Id] WindowsEditor(7,DESKTOP-GGMLOOT) [Debug] 1 [PackageName] WindowsEditor [ProjectName] Editor" 

Player connection [37640]  * "[IP] 172.17.48.33 [Port] 0 [Flags] 2 [Guid] 2928231253 [EditorId] 2928231253 [Version] 1048832 [Id] WindowsEditor(7,DESKTOP-GGMLOOT) [Debug] 1 [PackageName] WindowsEditor [ProjectName] Editor" 

Player connection [37640] Host joined multi-casting on [225.0.0.222:54997]...
Player connection [37640] Host joined alternative multi-casting on [225.0.0.222:34997]...
JobSystem: Creating JobQueue using job-worker-count value 7
[Physics::Module] Initialized fallback backend.
[Physics::Module] Id: 0xdecafbad
Library Redirect Path: Library/
[Physics::Module] Selected backend.
[Physics::Module] Name: PhysX
[Physics::Module] Id: 0xf2b8ea05
[Physics::Module] SDK Version: 4.1.2
[Physics::Module] Integration Version: 1.0.0
[Physics::Module] Threading Mode: Multi-Threaded
Refreshing native plugins compatible for Editor in 1.56 ms, found 3 plugins.
Preloading 0 native plugins for Editor in 0.00 ms.
Initialize engine version: 6000.0.26f1 (ccb7c73d2c02)
[Subsystems] Discovering subsystems at path C:/Program Files/Unity 6000.0.26f1/Editor/Data/Resources/UnitySubsystems
[Subsystems] Discovering subsystems at path C:/EscapeHome/EscapeHome/Homescape - The CATastrophy/Assets
GfxDevice: creating device client; kGfxThreadingModeNonThreaded
Direct3D:
    Version:  Direct3D 11.0 [level 11.1]
    Renderer: NVIDIA GeForce GTX 1650 Ti (ID=0x1f95)
    Vendor:   NVIDIA
    VRAM:     3935 MB
    Driver:   32.0.15.6603
Initialize mono
Mono path[0] = 'C:/Program Files/Unity 6000.0.26f1/Editor/Data/Managed'
Mono path[1] = 'C:/Program Files/Unity 6000.0.26f1/Editor/Data/MonoBleedingEdge/lib/mono/unityjit-win32'
Mono config path = 'C:/Program Files/Unity 6000.0.26f1/Editor/Data/MonoBleedingEdge/etc'
Using monoOptions --debugger-agent=transport=dt_socket,embedding=1,server=y,suspend=n,address=127.0.0.1:56952
Begin MonoManager ReloadAssembly
Registering precompiled unity dll's ...
Register platform support module: C:/Program Files/Unity 6000.0.26f1/Editor/Data/PlaybackEngines/WindowsStandaloneSupport/UnityEditor.WindowsStandalone.Extensions.dll
Registered in 0.002171 seconds.
- Loaded All Assemblies, in  0.439 seconds
Native extension for WindowsStandalone target not found
Mono: successfully reloaded assembly
- Finished resetting the current domain, in  0.518 seconds
Domain Reload Profiling: 956ms
	BeginReloadAssembly (147ms)
		ExecutionOrderSort (0ms)
		DisableScriptedObjects (0ms)
		BackupInstance (0ms)
		ReleaseScriptingObjects (0ms)
		CreateAndSetChildDomain (1ms)
	RebuildCommonClasses (43ms)
	RebuildNativeTypeToScriptingClass (14ms)
	initialDomainReloadingComplete (49ms)
	LoadAllAssembliesAndSetupDomain (186ms)
		LoadAssemblies (144ms)
		RebuildTransferFunctionScriptingTraits (0ms)
		AnalyzeDomain (183ms)
			TypeCache.Refresh (182ms)
				TypeCache.ScanAssembly (162ms)
			BuildScriptInfoCaches (0ms)
			ResolveRequiredComponents (0ms)
	FinalizeReload (519ms)
		ReleaseScriptCaches (0ms)
		RebuildScriptCaches (0ms)
		SetupLoadedEditorAssemblies (455ms)
			LogAssemblyErrors (0ms)
			InitializePlatformSupportModulesInManaged (44ms)
			SetLoadedEditorAssemblies (7ms)
			BeforeProcessingInitializeOnLoad (9ms)
			ProcessInitializeOnLoadAttributes (312ms)
			ProcessInitializeOnLoadMethodAttributes (80ms)
			AfterProcessingInitializeOnLoad (3ms)
			EditorAssembliesLoaded (0ms)
		ExecutionOrderSort2 (0ms)
		AwakeInstancesAfterBackupRestoration (0ms)
========================================================================
Worker process is ready to serve import requests
Import Worker Mode flag is 0x00
Begin MonoManager ReloadAssembly
- Loaded All Assemblies, in  1.307 seconds
Refreshing native plugins compatible for Editor in 1.03 ms, found 3 plugins.
Native extension for WindowsStandalone target not found
Package Manager log level set to [2]
[Package Manager] Failed to launch server process. Reason: Unity was launched with the -noUpm command-line argument
[Package Manager] Unable to send message (not connected to server process).
[Package Manager] Cannot connect to Unity Package Manager local server
Mono: successfully reloaded assembly
[Package Manager] Failed to launch server process. Reason: Unity was launched with the -noUpm command-line argument
[Package Manager] Unable to send message (not connected to server process).
[Package Manager] Cannot connect to Unity Package Manager local server
[Package Manager] Failed to launch server process. Reason: Unity was launched with the -noUpm command-line argument
[Package Manager] Unable to send message (not connected to server process).
[Package Manager] Cannot connect to Unity Package Manager local server
- Finished resetting the current domain, in  1.245 seconds
Domain Reload Profiling: 2549ms
	BeginReloadAssembly (531ms)
		ExecutionOrderSort (0ms)
		DisableScriptedObjects (6ms)
		BackupInstance (0ms)
		ReleaseScriptingObjects (0ms)
		CreateAndSetChildDomain (37ms)
	RebuildCommonClasses (56ms)
	RebuildNativeTypeToScriptingClass (15ms)
	initialDomainReloadingComplete (48ms)
	LoadAllAssembliesAndSetupDomain (654ms)
		LoadAssemblies (441ms)
		RebuildTransferFunctionScriptingTraits (0ms)
		AnalyzeDomain (342ms)
			TypeCache.Refresh (220ms)
				TypeCache.ScanAssembly (201ms)
			BuildScriptInfoCaches (98ms)
			ResolveRequiredComponents (20ms)
	FinalizeReload (1245ms)
		ReleaseScriptCaches (0ms)
		RebuildScriptCaches (0ms)
		SetupLoadedEditorAssemblies (859ms)
			LogAssemblyErrors (0ms)
			InitializePlatformSupportModulesInManaged (4ms)
			SetLoadedEditorAssemblies (5ms)
			BeforeProcessingInitializeOnLoad (96ms)
			ProcessInitializeOnLoadAttributes (647ms)
			ProcessInitializeOnLoadMethodAttributes (100ms)
			AfterProcessingInitializeOnLoad (6ms)
			EditorAssembliesLoaded (0ms)
		ExecutionOrderSort2 (0ms)
		AwakeInstancesAfterBackupRestoration (6ms)
Launched and connected shader compiler UnityShaderCompiler.exe after 0.02 seconds
Refreshing native plugins compatible for Editor in 1.01 ms, found 3 plugins.
Preloading 0 native plugins for Editor in 0.00 ms.
Unloading 198 Unused Serialized files (Serialized files now loaded: 0)
Unloading 6622 unused Assets / (4.0 MB). Loaded Objects now: 7389.
Memory consumption went from 189.2 MB to 185.1 MB.
Total: 10.113000 ms (FindLiveObjects: 0.977600 ms CreateObjectMapping: 1.074200 ms MarkObjects: 5.501900 ms  DeleteObjects: 2.557500 ms)

========================================================================
Received Import Request.
  Time since last request: 1002426.498169 seconds.
  path: Assets/InputSystem_Actions.inputactions
  artifactKey: Guid(052faaac586de48259a63d0c4782560b) Importer(2089858483,192608db42251d675da83286b1cce702)
Start importing Assets/InputSystem_Actions.inputactions using Guid(052faaac586de48259a63d0c4782560b) Importer(2089858483,192608db42251d675da83286b1cce702) (ScriptedImporter) -> (artifact id: 'decf95667596d7394bf6528c60b31e72') in 0.5133211 seconds
Number of updated asset objects reloaded before import = 0Number of asset objects unloaded after import = 22

========================================================================
Received Import Request.
  Time since last request: 0.000029 seconds.
  path: Assets/nappin/House Props Softpack/Prefabs/(Prb)Container3.prefab
  artifactKey: Guid(cae6314782bce654798802c29aaac4b8) Importer(2089858483,192608db42251d675da83286b1cce702)
Start importing Assets/nappin/House Props Softpack/Prefabs/(Prb)Container3.prefab using Guid(cae6314782bce654798802c29aaac4b8) Importer(2089858483,192608db42251d675da83286b1cce702) (ScriptedImporter) -> (artifact id: 'efc6be4ac9e8ed435b18309ee24961db') in 0.0717738 seconds
Number of updated asset objects reloaded before import = 0Number of asset objects unloaded after import = 102

========================================================================
Received Import Request.
  Time since last request: 0.000038 seconds.
  path: Assets/nappin/House Props Softpack/Prefabs/(Prb)CoffeTable.prefab
  artifactKey: Guid(b235c805f008f6f4da469f7364846b10) Importer(2089858483,192608db42251d675da83286b1cce702)
Start importing Assets/nappin/House Props Softpack/Prefabs/(Prb)CoffeTable.prefab using Guid(b235c805f008f6f4da469f7364846b10) Importer(2089858483,192608db42251d675da83286b1cce702) (ScriptedImporter) -> (artifact id: '832d2410e31a95a67a0159f7153eb0c4') in 0.0425774 seconds
Number of updated asset objects reloaded before import = 0Number of asset objects unloaded after import = 10

========================================================================
Received Import Request.
  Time since last request: 0.000023 seconds.
  path: Assets/nappin/House Props Softpack/Prefabs/(Prb)BedsideTable.prefab
  artifactKey: Guid(f34f09e70e02cc94683d8dbaaf079f2e) Importer(2089858483,192608db42251d675da83286b1cce702)
Start importing Assets/nappin/House Props Softpack/Prefabs/(Prb)BedsideTable.prefab using Guid(f34f09e70e02cc94683d8dbaaf079f2e) Importer(2089858483,192608db42251d675da83286b1cce702) (ScriptedImporter) -> (artifact id: '3f0d9ecb783fd3a9a36f459d1bd9fced') in 0.0445882 seconds
Number of updated asset objects reloaded before import = 0Number of asset objects unloaded after import = 10

========================================================================
Received Import Request.
  Time since last request: 0.000025 seconds.
  path: Assets/nappin/House Props Softpack/Models/(Msh)Container3.fbx
  artifactKey: Guid(105eae09639e4cb4db1477109a3acd0d) Importer(2089858483,192608db42251d675da83286b1cce702)
Start importing Assets/nappin/House Props Softpack/Models/(Msh)Container3.fbx using Guid(105eae09639e4cb4db1477109a3acd0d) Importer(2089858483,192608db42251d675da83286b1cce702) (ScriptedImporter) -> (artifact id: 'cb2c648be5561959b53b9b2ac010837d') in 0.058705 seconds
Number of updated asset objects reloaded before import = 0Number of asset objects unloaded after import = 86

========================================================================
Received Import Request.
  Time since last request: 0.000033 seconds.
  path: Assets/nappin/House Props Softpack/Models/(Msh)CornerSofa.fbx
  artifactKey: Guid(edf24df09d11374469d9e785eb18fb26) Importer(2089858483,192608db42251d675da83286b1cce702)
Start importing Assets/nappin/House Props Softpack/Models/(Msh)CornerSofa.fbx using Guid(edf24df09d11374469d9e785eb18fb26) Importer(2089858483,192608db42251d675da83286b1cce702) (ScriptedImporter) -> (artifact id: '8a60aeab14628d66b4759804e8ad57d9') in 0.12597 seconds
Number of updated asset objects reloaded before import = 0Number of asset objects unloaded after import = 136

========================================================================
Received Import Request.
  Time since last request: 0.000048 seconds.
  path: Assets/nappin/House Props Softpack/Prefabs/(Prb)Door.prefab
  artifactKey: Guid(0afd69b5b86b13b4db61d58f91c02066) Importer(2089858483,192608db42251d675da83286b1cce702)
Start importing Assets/nappin/House Props Softpack/Prefabs/(Prb)Door.prefab using Guid(0afd69b5b86b13b4db61d58f91c02066) Importer(2089858483,192608db42251d675da83286b1cce702) (ScriptedImporter) -> (artifact id: 'db58426d722aa8bad967ddeffbd198a7') in 0.0356176 seconds
Number of updated asset objects reloaded before import = 0Number of asset objects unloaded after import = 18

========================================================================
Received Import Request.
  Time since last request: 0.000026 seconds.
  path: Assets/nappin/House Props Softpack/Prefabs/(Prb)ShowerFace.prefab
  artifactKey: Guid(d75d62e350e6ccb4fa03f56c0a8fd8b1) Importer(2089858483,192608db42251d675da83286b1cce702)
Start importing Assets/nappin/House Props Softpack/Prefabs/(Prb)ShowerFace.prefab using Guid(d75d62e350e6ccb4fa03f56c0a8fd8b1) Importer(2089858483,192608db42251d675da83286b1cce702) (ScriptedImporter) -> (artifact id: '2489b6b933fc89732798574fef1bdc95') in 0.0422243 seconds
Number of updated asset objects reloaded before import = 0Number of asset objects unloaded after import = 10

========================================================================
Received Import Request.
  Time since last request: 0.000030 seconds.
  path: Assets/nappin/House Props Softpack/Prefabs/(Prb)Rack.prefab
  artifactKey: Guid(9b9a47e6447b0404fad889aea9f6360b) Importer(2089858483,192608db42251d675da83286b1cce702)
Start importing Assets/nappin/House Props Softpack/Prefabs/(Prb)Rack.prefab using Guid(9b9a47e6447b0404fad889aea9f6360b) Importer(2089858483,192608db42251d675da83286b1cce702) (ScriptedImporter) -> (artifact id: '714dc30a257a539a59a99e2381fac654') in 0.0535698 seconds
Number of updated asset objects reloaded before import = 0Number of asset objects unloaded after import = 28

========================================================================
Received Import Request.
  Time since last request: 0.000024 seconds.
  path: Assets/nappin/House Props Softpack/Prefabs/(Prb)MediaConsole.prefab
  artifactKey: Guid(4120787eca51d3e46b9f4dfd0b614fe8) Importer(2089858483,192608db42251d675da83286b1cce702)
Start importing Assets/nappin/House Props Softpack/Prefabs/(Prb)MediaConsole.prefab using Guid(4120787eca51d3e46b9f4dfd0b614fe8) Importer(2089858483,192608db42251d675da83286b1cce702) (ScriptedImporter) -> (artifact id: '8271d242343d1764b4f6a01ba076d2c8') in 0.0330278 seconds
Number of updated asset objects reloaded before import = 0Number of asset objects unloaded after import = 18

========================================================================
Received Import Request.
  Time since last request: 0.000032 seconds.
  path: Assets/nappin/House Props Softpack/Models/(Msh)LaunchTable_vase2.fbx
  artifactKey: Guid(c52be7ce5d9b3c74f9cc95a365aaf54e) Importer(2089858483,192608db42251d675da83286b1cce702)
Start importing Assets/nappin/House Props Softpack/Models/(Msh)LaunchTable_vase2.fbx using Guid(c52be7ce5d9b3c74f9cc95a365aaf54e) Importer(2089858483,192608db42251d675da83286b1cce702) (ScriptedImporter) -> (artifact id: '4c7f46ea44412e1e99d04366b702ea75') in 0.0227654 seconds
Number of updated asset objects reloaded before import = 0Number of asset objects unloaded after import = 9

========================================================================
Received Import Request.
  Time since last request: 0.000018 seconds.
  path: Assets/nappin/House Props Softpack/Prefabs/(Prb)LaunchTable_vase1.prefab
  artifactKey: Guid(d6faf5893276ac14a8693f2ceeb9fece) Importer(2089858483,192608db42251d675da83286b1cce702)
Start importing Assets/nappin/House Props Softpack/Prefabs/(Prb)LaunchTable_vase1.prefab using Guid(d6faf5893276ac14a8693f2ceeb9fece) Importer(2089858483,192608db42251d675da83286b1cce702) (ScriptedImporter) -> (artifact id: 'a33e1117930463c8a2b9fa689eff0b2c') in 0.0317153 seconds
Number of updated asset objects reloaded before import = 0Number of asset objects unloaded after import = 10

========================================================================
Received Import Request.
  Time since last request: 0.000025 seconds.
  path: Assets/nappin/House Props Softpack/Models/(Msh)SingleBed.fbx
  artifactKey: Guid(8c9ff27c4343b5e41b0c944eb72ca800) Importer(2089858483,192608db42251d675da83286b1cce702)
Start importing Assets/nappin/House Props Softpack/Models/(Msh)SingleBed.fbx using Guid(8c9ff27c4343b5e41b0c944eb72ca800) Importer(2089858483,192608db42251d675da83286b1cce702) (ScriptedImporter) -> (artifact id: '0f5e9612592098e97e852fe149193e2b') in 0.0670681 seconds
Number of updated asset objects reloaded before import = 0Number of asset objects unloaded after import = 41

========================================================================
Received Import Request.
  Time since last request: 0.000030 seconds.
  path: Assets/nappin/House Props Softpack/Prefabs/(Prb)SoapDispenser.prefab
  artifactKey: Guid(6a3dbb2a6b4da624abc81f5dc716f1c7) Importer(2089858483,192608db42251d675da83286b1cce702)
Start importing Assets/nappin/House Props Softpack/Prefabs/(Prb)SoapDispenser.prefab using Guid(6a3dbb2a6b4da624abc81f5dc716f1c7) Importer(2089858483,192608db42251d675da83286b1cce702) (ScriptedImporter) -> (artifact id: '1aaf3bfe86768d3fe00021d975f4b436') in 0.0479733 seconds
Number of updated asset objects reloaded before import = 0Number of asset objects unloaded after import = 18

========================================================================
Received Import Request.
  Time since last request: 0.000035 seconds.
  path: Assets/nappin/House Props Softpack/Textures/(Txt)GradientBeige.png
  artifactKey: Guid(ce207ba7fd9e7f047867bbf272711c24) Importer(2089858483,192608db42251d675da83286b1cce702)
Start importing Assets/nappin/House Props Softpack/Textures/(Txt)GradientBeige.png using Guid(ce207ba7fd9e7f047867bbf272711c24) Importer(2089858483,192608db42251d675da83286b1cce702) (ScriptedImporter) -> (artifact id: '583af157286dc3e7982584f578f6a7bc') in 0.0553329 seconds
Number of updated asset objects reloaded before import = 0Number of asset objects unloaded after import = 1

========================================================================
Received Import Request.
  Time since last request: 0.000029 seconds.
  path: Assets/nappin/House Props Softpack/Textures/(Txt)GradientBlue.png
  artifactKey: Guid(bbea79d6aa038d54bab0fbdb23379cc8) Importer(2089858483,192608db42251d675da83286b1cce702)
Start importing Assets/nappin/House Props Softpack/Textures/(Txt)GradientBlue.png using Guid(bbea79d6aa038d54bab0fbdb23379cc8) Importer(2089858483,192608db42251d675da83286b1cce702) (ScriptedImporter) -> (artifact id: '9a3b13a45c8d1932a5522d2bc5cdc581') in 0.0315644 seconds
Number of updated asset objects reloaded before import = 0Number of asset objects unloaded after import = 1

========================================================================
Received Import Request.
  Time since last request: 0.000033 seconds.
  path: Assets/nappin/House Props Softpack/Prefabs/(Prb)SmokeVent.prefab
  artifactKey: Guid(cb011d3e851dd79499d8fbe7490394f0) Importer(2089858483,192608db42251d675da83286b1cce702)
Start importing Assets/nappin/House Props Softpack/Prefabs/(Prb)SmokeVent.prefab using Guid(cb011d3e851dd79499d8fbe7490394f0) Importer(2089858483,192608db42251d675da83286b1cce702) (ScriptedImporter) -> (artifact id: '477ce5196589f114a50d0ab9472babfe') in 0.0398047 seconds
Number of updated asset objects reloaded before import = 0Number of asset objects unloaded after import = 10

========================================================================
Received Import Request.
  Time since last request: 0.000022 seconds.
  path: Assets/nappin/House Props Softpack/Models/(Msh)Fridge.fbx
  artifactKey: Guid(2fd41568ee19c9343a65da176f778932) Importer(2089858483,192608db42251d675da83286b1cce702)
Start importing Assets/nappin/House Props Softpack/Models/(Msh)Fridge.fbx using Guid(2fd41568ee19c9343a65da176f778932) Importer(2089858483,192608db42251d675da83286b1cce702) (ScriptedImporter) -> (artifact id: '0e4858790fb6b63bc958235389485b43') in 0.0302787 seconds
Number of updated asset objects reloaded before import = 0Number of asset objects unloaded after import = 21

========================================================================
Received Import Request.
  Time since last request: 0.000053 seconds.
  path: Assets/nappin/House Props Softpack/Materials/(Mat)GradientBeige.mat
  artifactKey: Guid(eb0f168ce60c9424896bd8c33ac3f2c9) Importer(2089858483,192608db42251d675da83286b1cce702)
Start importing Assets/nappin/House Props Softpack/Materials/(Mat)GradientBeige.mat using Guid(eb0f168ce60c9424896bd8c33ac3f2c9) Importer(2089858483,192608db42251d675da83286b1cce702) (ScriptedImporter) -> (artifact id: 'bf919a3f863c621230590fe50e4f8ff6') in 0.0410551 seconds
Number of updated asset objects reloaded before import = 0Number of asset objects unloaded after import = 2

========================================================================
Received Import Request.
  Time since last request: 0.000026 seconds.
  path: Assets/nappin/House Props Softpack/Models/(Msh)Minifridge.fbx
  artifactKey: Guid(c950d3ea9d36ed640a9cc0b4bb299a85) Importer(2089858483,192608db42251d675da83286b1cce702)
Start importing Assets/nappin/House Props Softpack/Models/(Msh)Minifridge.fbx using Guid(c950d3ea9d36ed640a9cc0b4bb299a85) Importer(2089858483,192608db42251d675da83286b1cce702) (ScriptedImporter) -> (artifact id: 'f4e147ed23ca92d9f98f10f999b183d8') in 0.029195 seconds
Number of updated asset objects reloaded before import = 0Number of asset objects unloaded after import = 85

========================================================================
Received Import Request.
  Time since last request: 0.000029 seconds.
  path: Assets/nappin/House Props Softpack/Prefabs/(Prb)Shelf1.prefab
  artifactKey: Guid(706836d784292a74097d31519e9337fa) Importer(2089858483,192608db42251d675da83286b1cce702)
Start importing Assets/nappin/House Props Softpack/Prefabs/(Prb)Shelf1.prefab using Guid(706836d784292a74097d31519e9337fa) Importer(2089858483,192608db42251d675da83286b1cce702) (ScriptedImporter) -> (artifact id: '5842d693cb3a1e8e797f33994bf2a5f4') in 0.0368463 seconds
Number of updated asset objects reloaded before import = 0Number of asset objects unloaded after import = 10

========================================================================
Received Import Request.
  Time since last request: 0.000021 seconds.
  path: Assets/nappin/House Props Softpack/Prefabs/(Prb)Drawer3.prefab
  artifactKey: Guid(1eba6e825e1b0ba4db1d042de5c08e44) Importer(2089858483,192608db42251d675da83286b1cce702)
Start importing Assets/nappin/House Props Softpack/Prefabs/(Prb)Drawer3.prefab using Guid(1eba6e825e1b0ba4db1d042de5c08e44) Importer(2089858483,192608db42251d675da83286b1cce702) (ScriptedImporter) -> (artifact id: '9952dd0cef54dd085f3610124761c636') in 0.0354181 seconds
Number of updated asset objects reloaded before import = 0Number of asset objects unloaded after import = 24

========================================================================
Received Import Request.
  Time since last request: 0.000042 seconds.
  path: Assets/nappin/House Props Softpack/Models/(Msh)CoffeTable_smallPlant.fbx
  artifactKey: Guid(d2974a25e2cf4e540a5a86ff784d0d0f) Importer(2089858483,192608db42251d675da83286b1cce702)
Start importing Assets/nappin/House Props Softpack/Models/(Msh)CoffeTable_smallPlant.fbx using Guid(d2974a25e2cf4e540a5a86ff784d0d0f) Importer(2089858483,192608db42251d675da83286b1cce702) (ScriptedImporter) -> (artifact id: 'e243d3931a14859e7ec2eddb35a51298') in 0.0317994 seconds
Number of updated asset objects reloaded before import = 0Number of asset objects unloaded after import = 16

========================================================================
Received Import Request.
  Time since last request: 0.000033 seconds.
  path: Assets/nappin/House Props Softpack/Models/(Msh)Dresser.fbx
  artifactKey: Guid(d2aaa38de911d1e4eb3e208fd26f541d) Importer(2089858483,192608db42251d675da83286b1cce702)
Start importing Assets/nappin/House Props Softpack/Models/(Msh)Dresser.fbx using Guid(d2aaa38de911d1e4eb3e208fd26f541d) Importer(2089858483,192608db42251d675da83286b1cce702) (ScriptedImporter) -> (artifact id: 'b83cca9011761b57fce586ad8c499c0f') in 0.0293372 seconds
Number of updated asset objects reloaded before import = 0Number of asset objects unloaded after import = 26

========================================================================
Received Import Request.
  Time since last request: 0.000024 seconds.
  path: Assets/nappin/House Props Softpack/Materials/(Mat)GradientBrown.mat
  artifactKey: Guid(c0999236ab32ad94fb08c06e6694fa49) Importer(2089858483,192608db42251d675da83286b1cce702)
Start importing Assets/nappin/House Props Softpack/Materials/(Mat)GradientBrown.mat using Guid(c0999236ab32ad94fb08c06e6694fa49) Importer(2089858483,192608db42251d675da83286b1cce702) (ScriptedImporter) -> (artifact id: 'dce44dce2f588683f08fb6a5ff0df34b') in 0.0294281 seconds
Number of updated asset objects reloaded before import = 0Number of asset objects unloaded after import = 2

========================================================================
Received Import Request.
  Time since last request: 0.000023 seconds.
  path: Assets/nappin/House Props Softpack/Prefabs/(Prb)Sofa_pillowT.prefab
  artifactKey: Guid(38a6a1df4a5ef5f4b8107ff806b527c0) Importer(2089858483,192608db42251d675da83286b1cce702)
Start importing Assets/nappin/House Props Softpack/Prefabs/(Prb)Sofa_pillowT.prefab using Guid(38a6a1df4a5ef5f4b8107ff806b527c0) Importer(2089858483,192608db42251d675da83286b1cce702) (ScriptedImporter) -> (artifact id: '46bb3c480faaf16d260ceb758e363de0') in 0.0356322 seconds
Number of updated asset objects reloaded before import = 0Number of asset objects unloaded after import = 10

========================================================================
Received Import Request.
  Time since last request: 0.000039 seconds.
  path: Assets/nappin/House Props Softpack/Models/(Msh)Wardrobe.fbx
  artifactKey: Guid(5d9ec12203f3d1940acfb05dfc342016) Importer(2089858483,192608db42251d675da83286b1cce702)
Start importing Assets/nappin/House Props Softpack/Models/(Msh)Wardrobe.fbx using Guid(5d9ec12203f3d1940acfb05dfc342016) Importer(2089858483,192608db42251d675da83286b1cce702) (ScriptedImporter) -> (artifact id: '6013ac5848fd76de5b0e25e0ceb57c40') in 0.0310849 seconds
Number of updated asset objects reloaded before import = 0Number of asset objects unloaded after import = 61

========================================================================
Received Import Request.
  Time since last request: 0.000019 seconds.
  path: Assets/nappin/House Props Softpack/Textures/(Txt)GradientDarkred.png
  artifactKey: Guid(2cd3259f9019fbf4baa0566e469b5cc2) Importer(2089858483,192608db42251d675da83286b1cce702)
Start importing Assets/nappin/House Props Softpack/Textures/(Txt)GradientDarkred.png using Guid(2cd3259f9019fbf4baa0566e469b5cc2) Importer(2089858483,192608db42251d675da83286b1cce702) (ScriptedImporter) -> (artifact id: '5b210427bac1d367302017c08f10a4ba') in 0.0235486 seconds
Number of updated asset objects reloaded before import = 0Number of asset objects unloaded after import = 1

========================================================================
Received Import Request.
  Time since last request: 0.000034 seconds.
  path: Assets/Settings/Mobile_RPAsset.asset
  artifactKey: Guid(5e6cbd92db86f4b18aec3ed561671858) Importer(2089858483,192608db42251d675da83286b1cce702)
Start importing Assets/Settings/Mobile_RPAsset.asset using Guid(5e6cbd92db86f4b18aec3ed561671858) Importer(2089858483,192608db42251d675da83286b1cce702) (ScriptedImporter) -> (artifact id: '099efb3c91eb4a94eae3a27f3a4f80c5') in 0.0774131 seconds
Number of updated asset objects reloaded before import = 0Number of asset objects unloaded after import = 2

========================================================================
Received Import Request.
  Time since last request: 0.000020 seconds.
  path: Assets/XRI/Settings/XRInteractionEditorSettings.asset
  artifactKey: Guid(682aa178f607a9f49bf3c95da8c5a9e5) Importer(2089858483,192608db42251d675da83286b1cce702)
Start importing Assets/XRI/Settings/XRInteractionEditorSettings.asset using Guid(682aa178f607a9f49bf3c95da8c5a9e5) Importer(2089858483,192608db42251d675da83286b1cce702) (ScriptedImporter) -> (artifact id: '8a513bb9eecfa8d6ad1c025b96407341') in 0.0188761 seconds
Number of updated asset objects reloaded before import = 0Number of asset objects unloaded after import = 1

========================================================================
Received Import Request.
  Time since last request: 0.000020 seconds.
  path: Assets/nappin/House Props Softpack/Textures/(Txt)GradientOrange.png
  artifactKey: Guid(1be709cd9dfa27c48a678cdacc829f7e) Importer(2089858483,192608db42251d675da83286b1cce702)
Start importing Assets/nappin/House Props Softpack/Textures/(Txt)GradientOrange.png using Guid(1be709cd9dfa27c48a678cdacc829f7e) Importer(2089858483,192608db42251d675da83286b1cce702) (ScriptedImporter) -> (artifact id: '01f766d789a30cad3be85f74a5d82907') in 0.0249844 seconds
Number of updated asset objects reloaded before import = 0Number of asset objects unloaded after import = 1

========================================================================
Received Import Request.
  Time since last request: 0.000024 seconds.
  path: Assets/nappin/House Props Softpack/Prefabs/(Prb)LaunchTable_vase2.prefab
  artifactKey: Guid(6c8c5607b1d615e4992b66dcbcf18c43) Importer(2089858483,192608db42251d675da83286b1cce702)
Start importing Assets/nappin/House Props Softpack/Prefabs/(Prb)LaunchTable_vase2.prefab using Guid(6c8c5607b1d615e4992b66dcbcf18c43) Importer(2089858483,192608db42251d675da83286b1cce702) (ScriptedImporter) -> (artifact id: '0a3666f0f120a93ec75fdd13641a6a31') in 0.0348187 seconds
Number of updated asset objects reloaded before import = 0Number of asset objects unloaded after import = 10

========================================================================
Received Import Request.
  Time since last request: 0.000025 seconds.
  path: Assets/nappin/House Props Softpack/Textures/(Txt)GradientGrey.png
  artifactKey: Guid(df845f1b1122f644ab4fbfbd3b3c763f) Importer(2089858483,192608db42251d675da83286b1cce702)
Start importing Assets/nappin/House Props Softpack/Textures/(Txt)GradientGrey.png using Guid(df845f1b1122f644ab4fbfbd3b3c763f) Importer(2089858483,192608db42251d675da83286b1cce702) (ScriptedImporter) -> (artifact id: '52ffb4db9e165c041a2bafc556204444') in 0.0315796 seconds
Number of updated asset objects reloaded before import = 0Number of asset objects unloaded after import = 1

========================================================================
Received Import Request.
  Time since last request: 0.000035 seconds.
  path: Assets/nappin/House Props Softpack/Prefabs/(Prb)CornerSofa_pillowT.prefab
  artifactKey: Guid(138d0852e3d6a79458e885febb13bb03) Importer(2089858483,192608db42251d675da83286b1cce702)
Start importing Assets/nappin/House Props Softpack/Prefabs/(Prb)CornerSofa_pillowT.prefab using Guid(138d0852e3d6a79458e885febb13bb03) Importer(2089858483,192608db42251d675da83286b1cce702) (ScriptedImporter) -> (artifact id: 'db786b0ada67610a0c560b78f53f053a') in 0.058148 seconds
Number of updated asset objects reloaded before import = 0Number of asset objects unloaded after import = 10

========================================================================
Received Import Request.
  Time since last request: 0.000021 seconds.
  path: Assets/nappin/House Props Softpack/Prefabs/(Prb)Container1.prefab
  artifactKey: Guid(218346a1813791d43973c01c52508a3e) Importer(2089858483,192608db42251d675da83286b1cce702)
Start importing Assets/nappin/House Props Softpack/Prefabs/(Prb)Container1.prefab using Guid(218346a1813791d43973c01c52508a3e) Importer(2089858483,192608db42251d675da83286b1cce702) (ScriptedImporter) -> (artifact id: '4e0adedb5571f1af59548c9191961543') in 0.0502072 seconds
Number of updated asset objects reloaded before import = 0Number of asset objects unloaded after import = 23

========================================================================
Received Import Request.
  Time since last request: 0.000028 seconds.
  path: Assets/nappin/House Props Softpack/Models/(Msh)Lamp.fbx
  artifactKey: Guid(a85e9c176161a11478ca8775c372a363) Importer(2089858483,192608db42251d675da83286b1cce702)
Start importing Assets/nappin/House Props Softpack/Models/(Msh)Lamp.fbx using Guid(a85e9c176161a11478ca8775c372a363) Importer(2089858483,192608db42251d675da83286b1cce702) (ScriptedImporter) -> (artifact id: 'ecbd37a6be56de247b656632374183cc') in 0.0250994 seconds
Number of updated asset objects reloaded before import = 0Number of asset objects unloaded after import = 9

========================================================================
Received Import Request.
  Time since last request: 0.000037 seconds.
  path: Assets/nappin/House Props Softpack/Models/(Msh)Desk.fbx
  artifactKey: Guid(369c53baef81e9f41969e79c677af9a3) Importer(2089858483,192608db42251d675da83286b1cce702)
Start importing Assets/nappin/House Props Softpack/Models/(Msh)Desk.fbx using Guid(369c53baef81e9f41969e79c677af9a3) Importer(2089858483,192608db42251d675da83286b1cce702) (ScriptedImporter) -> (artifact id: '53467b3ed0d15dba21e57281d0fd0211') in 0.0230976 seconds
Number of updated asset objects reloaded before import = 0Number of asset objects unloaded after import = 36

========================================================================
Received Prepare
Begin MonoManager ReloadAssembly
- Loaded All Assemblies, in  1.033 seconds
'Packages/com.unity.xr.openxr/Runtime/OpenXRLoader.cs' contains partial class of Unity.Object, exactly 1 of the partial classes needs to be in a file with the same filename. This is to know the one that can be referenced from ie. GameObjects
'Packages/com.unity.xr.openxr/Runtime/OpenXRLoaderInternal.cs' contains partial class of Unity.Object, exactly 1 of the partial classes needs to be in a file with the same filename. This is to know the one that can be referenced from ie. GameObjects
Refreshing native plugins compatible for Editor in 9.29 ms, found 9 plugins.
Native extension for WindowsStandalone target not found
[Package Manager] Failed to launch server process. Reason: Unity was launched with the -noUpm command-line argument
[Package Manager] Unable to send message (not connected to server process).
[Package Manager] Cannot connect to Unity Package Manager local server
Mono: successfully reloaded assembly
[Package Manager] Failed to launch server process. Reason: Unity was launched with the -noUpm command-line argument
[Package Manager] Unable to send message (not connected to server process).
[Package Manager] Cannot connect to Unity Package Manager local server
- Finished resetting the current domain, in  1.255 seconds
Domain Reload Profiling: 2288ms
	BeginReloadAssembly (285ms)
		ExecutionOrderSort (0ms)
		DisableScriptedObjects (6ms)
		BackupInstance (0ms)
		ReleaseScriptingObjects (0ms)
		CreateAndSetChildDomain (99ms)
	RebuildCommonClasses (40ms)
	RebuildNativeTypeToScriptingClass (14ms)
	initialDomainReloadingComplete (28ms)
	LoadAllAssembliesAndSetupDomain (664ms)
		LoadAssemblies (459ms)
		RebuildTransferFunctionScriptingTraits (0ms)
		AnalyzeDomain (328ms)
			TypeCache.Refresh (37ms)
				TypeCache.ScanAssembly (23ms)
			BuildScriptInfoCaches (267ms)
			ResolveRequiredComponents (20ms)
	FinalizeReload (1256ms)
		ReleaseScriptCaches (0ms)
		RebuildScriptCaches (0ms)
		SetupLoadedEditorAssemblies (839ms)
			LogAssemblyErrors (0ms)
			InitializePlatformSupportModulesInManaged (3ms)
			SetLoadedEditorAssemblies (4ms)
			BeforeProcessingInitializeOnLoad (101ms)
			ProcessInitializeOnLoadAttributes (608ms)
			ProcessInitializeOnLoadMethodAttributes (114ms)
			AfterProcessingInitializeOnLoad (7ms)
			EditorAssembliesLoaded (0ms)
		ExecutionOrderSort2 (0ms)
		AwakeInstancesAfterBackupRestoration (13ms)
Refreshing native plugins compatible for Editor in 7.05 ms, found 9 plugins.
Preloading 0 native plugins for Editor in 0.00 ms.
Unloading 23 Unused Serialized files (Serialized files now loaded: 0)
Unloading 6779 unused Assets / (4.5 MB). Loaded Objects now: 7541.
Memory consumption went from 173.6 MB to 169.1 MB.
Total: 10.276900 ms (FindLiveObjects: 0.866700 ms CreateObjectMapping: 0.930100 ms MarkObjects: 5.672800 ms  DeleteObjects: 2.805300 ms)

Prepare: number of updated asset objects reloaded= 0
========================================================================
Received Prepare
Begin MonoManager ReloadAssembly
- Loaded All Assemblies, in  0.953 seconds
'Packages/com.unity.xr.openxr/Runtime/OpenXRLoader.cs' contains partial class of Unity.Object, exactly 1 of the partial classes needs to be in a file with the same filename. This is to know the one that can be referenced from ie. GameObjects
'Packages/com.unity.xr.openxr/Runtime/OpenXRLoaderInternal.cs' contains partial class of Unity.Object, exactly 1 of the partial classes needs to be in a file with the same filename. This is to know the one that can be referenced from ie. GameObjects
Refreshing native plugins compatible for Editor in 8.62 ms, found 9 plugins.
Native extension for WindowsStandalone target not found
[Package Manager] Failed to launch server process. Reason: Unity was launched with the -noUpm command-line argument
[Package Manager] Unable to send message (not connected to server process).
[Package Manager] Cannot connect to Unity Package Manager local server
Mono: successfully reloaded assembly
[Package Manager] Failed to launch server process. Reason: Unity was launched with the -noUpm command-line argument
[Package Manager] Unable to send message (not connected to server process).
[Package Manager] Cannot connect to Unity Package Manager local server
- Finished resetting the current domain, in  1.118 seconds
Domain Reload Profiling: 2071ms
	BeginReloadAssembly (225ms)
		ExecutionOrderSort (0ms)
		DisableScriptedObjects (9ms)
		BackupInstance (0ms)
		ReleaseScriptingObjects (0ms)
		CreateAndSetChildDomain (59ms)
	RebuildCommonClasses (44ms)
	RebuildNativeTypeToScriptingClass (15ms)
	initialDomainReloadingComplete (31ms)
	LoadAllAssembliesAndSetupDomain (638ms)
		LoadAssemblies (408ms)
		RebuildTransferFunctionScriptingTraits (0ms)
		AnalyzeDomain (340ms)
			TypeCache.Refresh (166ms)
				TypeCache.ScanAssembly (150ms)
			BuildScriptInfoCaches (156ms)
			ResolveRequiredComponents (14ms)
	FinalizeReload (1118ms)
		ReleaseScriptCaches (0ms)
		RebuildScriptCaches (0ms)
		SetupLoadedEditorAssemblies (754ms)
			LogAssemblyErrors (0ms)
			InitializePlatformSupportModulesInManaged (3ms)
			SetLoadedEditorAssemblies (4ms)
			BeforeProcessingInitializeOnLoad (86ms)
			ProcessInitializeOnLoadAttributes (519ms)
			ProcessInitializeOnLoadMethodAttributes (136ms)
			AfterProcessingInitializeOnLoad (6ms)
			EditorAssembliesLoaded (0ms)
		ExecutionOrderSort2 (0ms)
		AwakeInstancesAfterBackupRestoration (14ms)
Refreshing native plugins compatible for Editor in 7.30 ms, found 9 plugins.
Preloading 0 native plugins for Editor in 0.00 ms.
Unloading 14 Unused Serialized files (Serialized files now loaded: 0)
Unloading 6779 unused Assets / (3.9 MB). Loaded Objects now: 7565.
Memory consumption went from 172.1 MB to 168.2 MB.
Total: 10.735100 ms (FindLiveObjects: 0.839800 ms CreateObjectMapping: 1.032900 ms MarkObjects: 5.991700 ms  DeleteObjects: 2.868900 ms)

Prepare: number of updated asset objects reloaded= 0
========================================================================
Received Import Request.
  Time since last request: 174.353292 seconds.
  path: Assets/Settings/DefaultVolumeProfile.asset
  artifactKey: Guid(ab09877e2e707104187f6f83e2f62510) Importer(815301076,1909f56bfc062723c751e8b465ee728b)
Start importing Assets/Settings/DefaultVolumeProfile.asset using Guid(ab09877e2e707104187f6f83e2f62510) Importer(815301076,1909f56bfc062723c751e8b465ee728b) (PreviewImporter) -> (artifact id: '10528149371aefc32227726816d72a59') in 0.0388732 seconds
Number of updated asset objects reloaded before import = 0Number of asset objects unloaded after import = 0

========================================================================
Received Import Request.
  Time since last request: 0.000020 seconds.
  path: Assets/Settings/UniversalRenderPipelineGlobalSettings.asset
  artifactKey: Guid(18dc0cd2c080841dea60987a38ce93fa) Importer(815301076,1909f56bfc062723c751e8b465ee728b)
Start importing Assets/Settings/UniversalRenderPipelineGlobalSettings.asset using Guid(18dc0cd2c080841dea60987a38ce93fa) Importer(815301076,1909f56bfc062723c751e8b465ee728b) (PreviewImporter) -> (artifact id: 'd2f0765bd1096ee9c5a957269d195f74') in 0.0013727 seconds
Number of updated asset objects reloaded before import = 0Number of asset objects unloaded after import = 0

========================================================================
Received Import Request.
  Time since last request: 0.000023 seconds.
  path: Assets/Settings/SampleSceneProfile.asset
  artifactKey: Guid(10fc4df2da32a41aaa32d77bc913491c) Importer(815301076,1909f56bfc062723c751e8b465ee728b)
Start importing Assets/Settings/SampleSceneProfile.asset using Guid(10fc4df2da32a41aaa32d77bc913491c) Importer(815301076,1909f56bfc062723c751e8b465ee728b) (PreviewImporter) -> (artifact id: 'b72c935079ba95563e246d02d57d535f') in 0.0014009 seconds
Number of updated asset objects reloaded before import = 0Number of asset objects unloaded after import = 0

Editor requested this worker to shutdown with reason: Scaling down because of idle timeout
AssetImportWorker is now disconnected from the server
Process exiting
Exiting without the bug reporter. Application will terminate with return code 0