Using pre-set license
Built from '6000.0/staging' branch; Version is '6000.0.26f1 (ccb7c73d2c02) revision 13416391'; Using compiler version '193933523'; Build Type 'Release'
OS: 'Windows 11  (10.0.22631) 64bit Professional' Language: 'en' Physical Memory: 15741 MB
BatchMode: 1, IsHumanControllingUs: 0, StartBugReporterOnCrash: 0, Is64bit: 1, IsPro: 1

COMMAND LINE ARGUMENTS:
C:\Program Files\Unity 6000.0.26f1\Editor\Unity.exe
-adb2
-batchMode
-noUpm
-name
AssetImportWorker12
-projectPath
C:/EscapeHome/EscapeHome/Homescape - The CATastrophy
-logFile
Logs/AssetImportWorker12.log
-srvPort
56919
-job-worker-count
7
-background-job-worker-count
8
-asset-garbage-collectors
1
Successfully changed project path to: C:/EscapeHome/EscapeHome/Homescape - The CATastrophy
C:/EscapeHome/EscapeHome/Homescape - The CATastrophy
[UnityMemory] Configuration Parameters - Can be set up in boot.config
    "memorysetup-bucket-allocator-granularity=16"
    "memorysetup-bucket-allocator-bucket-count=8"
    "memorysetup-bucket-allocator-block-size=33554432"
    "memorysetup-bucket-allocator-block-count=8"
    "memorysetup-main-allocator-block-size=16777216"
    "memorysetup-thread-allocator-block-size=16777216"
    "memorysetup-gfx-main-allocator-block-size=16777216"
    "memorysetup-gfx-thread-allocator-block-size=16777216"
    "memorysetup-cache-allocator-block-size=4194304"
    "memorysetup-typetree-allocator-block-size=2097152"
    "memorysetup-profiler-bucket-allocator-granularity=16"
    "memorysetup-profiler-bucket-allocator-bucket-count=8"
    "memorysetup-profiler-bucket-allocator-block-size=33554432"
    "memorysetup-profiler-bucket-allocator-block-count=8"
    "memorysetup-profiler-allocator-block-size=16777216"
    "memorysetup-profiler-editor-allocator-block-size=1048576"
    "memorysetup-temp-allocator-size-main=16777216"
    "memorysetup-job-temp-allocator-block-size=2097152"
    "memorysetup-job-temp-allocator-block-size-background=1048576"
    "memorysetup-job-temp-allocator-reduction-small-platforms=262144"
    "memorysetup-allocator-temp-initial-block-size-main=262144"
    "memorysetup-allocator-temp-initial-block-size-worker=262144"
    "memorysetup-temp-allocator-size-background-worker=32768"
    "memorysetup-temp-allocator-size-job-worker=262144"
    "memorysetup-temp-allocator-size-preload-manager=33554432"
    "memorysetup-temp-allocator-size-nav-mesh-worker=65536"
    "memorysetup-temp-allocator-size-audio-worker=65536"
    "memorysetup-temp-allocator-size-cloud-worker=32768"
    "memorysetup-temp-allocator-size-gi-baking-worker=262144"
    "memorysetup-temp-allocator-size-gi-baking-worker=262144"
    "memorysetup-temp-allocator-size-gi-baking-worker=262144"
    "memorysetup-temp-allocator-size-gi-baking-worker=262144"
    "memorysetup-temp-allocator-size-gi-baking-worker=262144"
    "memorysetup-temp-allocator-size-gfx=262144"
Player connection [43048]  Target information:

Player connection [43048]  * "[IP] 192.168.56.1 [Port] 0 [Flags] 2 [Guid] 345520267 [EditorId] 345520267 [Version] 1048832 [Id] WindowsEditor(7,DESKTOP-GGMLOOT) [Debug] 1 [PackageName] WindowsEditor [ProjectName] Editor" 

Player connection [43048]  * "[IP] 172.17.48.33 [Port] 0 [Flags] 2 [Guid] 345520267 [EditorId] 345520267 [Version] 1048832 [Id] WindowsEditor(7,DESKTOP-GGMLOOT) [Debug] 1 [PackageName] WindowsEditor [ProjectName] Editor" 

Player connection [43048] Host joined multi-casting on [225.0.0.222:54997]...
Player connection [43048] Host joined alternative multi-casting on [225.0.0.222:34997]...
JobSystem: Creating JobQueue using job-worker-count value 7
[Physics::Module] Initialized fallback backend.
[Physics::Module] Id: 0xdecafbad
Library Redirect Path: Library/
[Physics::Module] Selected backend.
[Physics::Module] Name: PhysX
[Physics::Module] Id: 0xf2b8ea05
[Physics::Module] SDK Version: 4.1.2
[Physics::Module] Integration Version: 1.0.0
[Physics::Module] Threading Mode: Multi-Threaded
Refreshing native plugins compatible for Editor in 30.84 ms, found 9 plugins.
Preloading 0 native plugins for Editor in 0.00 ms.
Initialize engine version: 6000.0.26f1 (ccb7c73d2c02)
[Subsystems] Discovering subsystems at path C:/Program Files/Unity 6000.0.26f1/Editor/Data/Resources/UnitySubsystems
[Subsystems] Discovering subsystems at path C:/EscapeHome/EscapeHome/Homescape - The CATastrophy/Assets
GfxDevice: creating device client; kGfxThreadingModeNonThreaded
Direct3D:
    Version:  Direct3D 11.0 [level 11.1]
    Renderer: NVIDIA GeForce GTX 1650 Ti (ID=0x1f95)
    Vendor:   NVIDIA
    VRAM:     3935 MB
    Driver:   32.0.15.6603
Initialize mono
Mono path[0] = 'C:/Program Files/Unity 6000.0.26f1/Editor/Data/Managed'
Mono path[1] = 'C:/Program Files/Unity 6000.0.26f1/Editor/Data/MonoBleedingEdge/lib/mono/unityjit-win32'
Mono config path = 'C:/Program Files/Unity 6000.0.26f1/Editor/Data/MonoBleedingEdge/etc'
Using monoOptions --debugger-agent=transport=dt_socket,embedding=1,server=y,suspend=n,address=127.0.0.1:56120
Begin MonoManager ReloadAssembly
Registering precompiled unity dll's ...
Register platform support module: C:/Program Files/Unity 6000.0.26f1/Editor/Data/PlaybackEngines/WindowsStandaloneSupport/UnityEditor.WindowsStandalone.Extensions.dll
Registered in 0.004111 seconds.
- Loaded All Assemblies, in  0.719 seconds
Native extension for WindowsStandalone target not found
Mono: successfully reloaded assembly
- Finished resetting the current domain, in  1.049 seconds
Domain Reload Profiling: 1766ms
	BeginReloadAssembly (255ms)
		ExecutionOrderSort (0ms)
		DisableScriptedObjects (0ms)
		BackupInstance (0ms)
		ReleaseScriptingObjects (0ms)
		CreateAndSetChildDomain (2ms)
	RebuildCommonClasses (82ms)
	RebuildNativeTypeToScriptingClass (23ms)
	initialDomainReloadingComplete (85ms)
	LoadAllAssembliesAndSetupDomain (271ms)
		LoadAssemblies (247ms)
		RebuildTransferFunctionScriptingTraits (0ms)
		AnalyzeDomain (266ms)
			TypeCache.Refresh (264ms)
				TypeCache.ScanAssembly (243ms)
			BuildScriptInfoCaches (0ms)
			ResolveRequiredComponents (1ms)
	FinalizeReload (1050ms)
		ReleaseScriptCaches (0ms)
		RebuildScriptCaches (0ms)
		SetupLoadedEditorAssemblies (940ms)
			LogAssemblyErrors (0ms)
			InitializePlatformSupportModulesInManaged (86ms)
			SetLoadedEditorAssemblies (34ms)
			BeforeProcessingInitializeOnLoad (63ms)
			ProcessInitializeOnLoadAttributes (650ms)
			ProcessInitializeOnLoadMethodAttributes (102ms)
			AfterProcessingInitializeOnLoad (5ms)
			EditorAssembliesLoaded (0ms)
		ExecutionOrderSort2 (0ms)
		AwakeInstancesAfterBackupRestoration (0ms)
========================================================================
Worker process is ready to serve import requests
Import Worker Mode flag is 0x00
Begin MonoManager ReloadAssembly
- Loaded All Assemblies, in  3.598 seconds
'Packages/com.unity.xr.openxr/Runtime/OpenXRLoader.cs' contains partial class of Unity.Object, exactly 1 of the partial classes needs to be in a file with the same filename. This is to know the one that can be referenced from ie. GameObjects
'Packages/com.unity.xr.openxr/Runtime/OpenXRLoaderInternal.cs' contains partial class of Unity.Object, exactly 1 of the partial classes needs to be in a file with the same filename. This is to know the one that can be referenced from ie. GameObjects
Refreshing native plugins compatible for Editor in 111.20 ms, found 9 plugins.
Native extension for WindowsStandalone target not found
Package Manager log level set to [2]
[Package Manager] Failed to launch server process. Reason: Unity was launched with the -noUpm command-line argument
[Package Manager] Unable to send message (not connected to server process).
[Package Manager] Cannot connect to Unity Package Manager local server
Mono: successfully reloaded assembly
[Package Manager] Failed to launch server process. Reason: Unity was launched with the -noUpm command-line argument
[Package Manager] Unable to send message (not connected to server process).
[Package Manager] Cannot connect to Unity Package Manager local server
[Package Manager] Failed to launch server process. Reason: Unity was launched with the -noUpm command-line argument
[Package Manager] Unable to send message (not connected to server process).
[Package Manager] Cannot connect to Unity Package Manager local server
- Finished resetting the current domain, in  3.010 seconds
Domain Reload Profiling: 6602ms
	BeginReloadAssembly (886ms)
		ExecutionOrderSort (0ms)
		DisableScriptedObjects (13ms)
		BackupInstance (0ms)
		ReleaseScriptingObjects (0ms)
		CreateAndSetChildDomain (87ms)
	RebuildCommonClasses (71ms)
	RebuildNativeTypeToScriptingClass (25ms)
	initialDomainReloadingComplete (91ms)
	LoadAllAssembliesAndSetupDomain (2517ms)
		LoadAssemblies (1948ms)
		RebuildTransferFunctionScriptingTraits (0ms)
		AnalyzeDomain (763ms)
			TypeCache.Refresh (552ms)
				TypeCache.ScanAssembly (489ms)
			BuildScriptInfoCaches (182ms)
			ResolveRequiredComponents (24ms)
	FinalizeReload (3011ms)
		ReleaseScriptCaches (0ms)
		RebuildScriptCaches (0ms)
		SetupLoadedEditorAssemblies (1787ms)
			LogAssemblyErrors (0ms)
			InitializePlatformSupportModulesInManaged (6ms)
			SetLoadedEditorAssemblies (7ms)
			BeforeProcessingInitializeOnLoad (119ms)
			ProcessInitializeOnLoadAttributes (1118ms)
			ProcessInitializeOnLoadMethodAttributes (487ms)
			AfterProcessingInitializeOnLoad (50ms)
			EditorAssembliesLoaded (0ms)
		ExecutionOrderSort2 (0ms)
		AwakeInstancesAfterBackupRestoration (22ms)
Launched and connected shader compiler UnityShaderCompiler.exe after 0.02 seconds
Refreshing native plugins compatible for Editor in 11.77 ms, found 9 plugins.
Preloading 0 native plugins for Editor in 0.00 ms.
Unloading 199 Unused Serialized files (Serialized files now loaded: 0)
Unloading 6783 unused Assets / (4.3 MB). Loaded Objects now: 7544.
Memory consumption went from 192.0 MB to 187.6 MB.
Total: 22.182700 ms (FindLiveObjects: 2.073700 ms CreateObjectMapping: 2.261600 ms MarkObjects: 11.198400 ms  DeleteObjects: 6.646100 ms)

========================================================================
Received Import Request.
  Time since last request: 1006913.895433 seconds.
  path: Assets/UnityTechnologies/Basic Asset Pack Interior/Prefabs/Walls/WallWindowBay4m.prefab
  artifactKey: Guid(94dee45fe843aa543b410fcaa3596d89) Importer(2089858483,192608db42251d675da83286b1cce702)
Start importing Assets/UnityTechnologies/Basic Asset Pack Interior/Prefabs/Walls/WallWindowBay4m.prefab using Guid(94dee45fe843aa543b410fcaa3596d89) Importer(2089858483,192608db42251d675da83286b1cce702) (ScriptedImporter) -> (artifact id: '38ddf3041b8d535e5cd1b85227f7df60') in 0.3967904 seconds
Number of updated asset objects reloaded before import = 0Number of asset objects unloaded after import = 46

========================================================================
Received Import Request.
  Time since last request: 0.000026 seconds.
  path: Assets/UnityTechnologies/Basic Asset Pack Interior/Materials/Grey.mat
  artifactKey: Guid(550e57637d66668439f37e5f05c45816) Importer(2089858483,192608db42251d675da83286b1cce702)
Start importing Assets/UnityTechnologies/Basic Asset Pack Interior/Materials/Grey.mat using Guid(550e57637d66668439f37e5f05c45816) Importer(2089858483,192608db42251d675da83286b1cce702) (ScriptedImporter) -> (artifact id: '3f546f110ed559d503e76abbac8a1817') in 0.046516 seconds
Number of updated asset objects reloaded before import = 0Number of asset objects unloaded after import = 1

========================================================================
Received Import Request.
  Time since last request: 0.000034 seconds.
  path: Assets/UnityTechnologies/Basic Asset Pack Interior/Models/Walls/WallCornerInner.FBX
  artifactKey: Guid(f63deedad9c61c54a975dc8c4b495ab9) Importer(2089858483,192608db42251d675da83286b1cce702)
Start importing Assets/UnityTechnologies/Basic Asset Pack Interior/Models/Walls/WallCornerInner.FBX using Guid(f63deedad9c61c54a975dc8c4b495ab9) Importer(2089858483,192608db42251d675da83286b1cce702) (ScriptedImporter) -> (artifact id: '3c6a9915b5e84a54f1621ba37bd1b02a') in 0.081589 seconds
Number of updated asset objects reloaded before import = 0Number of asset objects unloaded after import = 15

========================================================================
Received Import Request.
  Time since last request: 0.000032 seconds.
  path: Assets/UnityTechnologies/Basic Asset Pack Interior/Prefabs/Props/Books.prefab
  artifactKey: Guid(8062fd9b85c788e418915692eb5c78e3) Importer(2089858483,192608db42251d675da83286b1cce702)
Start importing Assets/UnityTechnologies/Basic Asset Pack Interior/Prefabs/Props/Books.prefab using Guid(8062fd9b85c788e418915692eb5c78e3) Importer(2089858483,192608db42251d675da83286b1cce702) (ScriptedImporter) -> (artifact id: 'faf88e4004fcf8d02193e572bd288de9') in 0.0202659 seconds
Number of updated asset objects reloaded before import = 0Number of asset objects unloaded after import = 24

========================================================================
Received Import Request.
  Time since last request: 0.000024 seconds.
  path: Assets/UnityTechnologies/Basic Asset Pack Interior/Models/LampTall.FBX
  artifactKey: Guid(ed0b608e38da5ea4092241c0bfa570cd) Importer(2089858483,192608db42251d675da83286b1cce702)
Start importing Assets/UnityTechnologies/Basic Asset Pack Interior/Models/LampTall.FBX using Guid(ed0b608e38da5ea4092241c0bfa570cd) Importer(2089858483,192608db42251d675da83286b1cce702) (ScriptedImporter) -> (artifact id: 'c92d1b59ea6961fd8a147b500d58ab25') in 0.0298632 seconds
Number of updated asset objects reloaded before import = 0Number of asset objects unloaded after import = 19

========================================================================
Received Import Request.
  Time since last request: 0.000029 seconds.
  path: Assets/UnityTechnologies/Basic Asset Pack Interior/Models/SofaFootRest.FBX
  artifactKey: Guid(6defe750ce497f046826cf8092e5a10b) Importer(2089858483,192608db42251d675da83286b1cce702)
Start importing Assets/UnityTechnologies/Basic Asset Pack Interior/Models/SofaFootRest.FBX using Guid(6defe750ce497f046826cf8092e5a10b) Importer(2089858483,192608db42251d675da83286b1cce702) (ScriptedImporter) -> (artifact id: '00e3e8e6177b2b2eea94c0e6a048781a') in 0.0485271 seconds
Number of updated asset objects reloaded before import = 0Number of asset objects unloaded after import = 7

========================================================================
Received Import Request.
  Time since last request: 0.000036 seconds.
  path: Assets/UnityTechnologies/Basic Asset Pack Interior/Prefabs/Furniture/SofaDouble.prefab
  artifactKey: Guid(171822e55c6acbd4789dea1c302379f2) Importer(2089858483,192608db42251d675da83286b1cce702)
Start importing Assets/UnityTechnologies/Basic Asset Pack Interior/Prefabs/Furniture/SofaDouble.prefab using Guid(171822e55c6acbd4789dea1c302379f2) Importer(2089858483,192608db42251d675da83286b1cce702) (ScriptedImporter) -> (artifact id: 'de24c39cf56a9bfaf3bf92408995d212') in 0.0239648 seconds
Number of updated asset objects reloaded before import = 0Number of asset objects unloaded after import = 16

========================================================================
Received Import Request.
  Time since last request: 0.000022 seconds.
  path: Assets/UnityTechnologies/Basic Asset Pack Interior/Models/Books.FBX
  artifactKey: Guid(f070b181d7aa14a48ba6da721ed534bf) Importer(2089858483,192608db42251d675da83286b1cce702)
Start importing Assets/UnityTechnologies/Basic Asset Pack Interior/Models/Books.FBX using Guid(f070b181d7aa14a48ba6da721ed534bf) Importer(2089858483,192608db42251d675da83286b1cce702) (ScriptedImporter) -> (artifact id: '4852c6388b7896dccd71823cfc9496ed') in 0.0322435 seconds
Number of updated asset objects reloaded before import = 0Number of asset objects unloaded after import = 24

========================================================================
Received Import Request.
  Time since last request: 0.000023 seconds.
  path: Assets/UnityTechnologies/Basic Asset Pack Interior/Models/ChairDinningA.FBX
  artifactKey: Guid(eb19fa9856d8db94bac28350e00f3e2e) Importer(2089858483,192608db42251d675da83286b1cce702)
Start importing Assets/UnityTechnologies/Basic Asset Pack Interior/Models/ChairDinningA.FBX using Guid(eb19fa9856d8db94bac28350e00f3e2e) Importer(2089858483,192608db42251d675da83286b1cce702) (ScriptedImporter) -> (artifact id: '1ca2467c7616785c245c98517b237712') in 0.0296259 seconds
Number of updated asset objects reloaded before import = 0Number of asset objects unloaded after import = 7

========================================================================
Received Import Request.
  Time since last request: 0.000021 seconds.
  path: Assets/UnityTechnologies/Basic Asset Pack Interior/Models/ShelvesTallA.FBX
  artifactKey: Guid(6feafe1c36564fa41bacd7cb95083cf5) Importer(2089858483,192608db42251d675da83286b1cce702)
Start importing Assets/UnityTechnologies/Basic Asset Pack Interior/Models/ShelvesTallA.FBX using Guid(6feafe1c36564fa41bacd7cb95083cf5) Importer(2089858483,192608db42251d675da83286b1cce702) (ScriptedImporter) -> (artifact id: 'f021d635e42afeac4d1be22a3f78e77b') in 0.0248119 seconds
Number of updated asset objects reloaded before import = 0Number of asset objects unloaded after import = 7

========================================================================
Received Import Request.
  Time since last request: 0.000029 seconds.
  path: Assets/UnityTechnologies/Basic Asset Pack Interior/Models/LampSmall.FBX
  artifactKey: Guid(bce58d58b66628c4bb843a0f547d5b43) Importer(2089858483,192608db42251d675da83286b1cce702)
Start importing Assets/UnityTechnologies/Basic Asset Pack Interior/Models/LampSmall.FBX using Guid(bce58d58b66628c4bb843a0f547d5b43) Importer(2089858483,192608db42251d675da83286b1cce702) (ScriptedImporter) -> (artifact id: '4d0611b94d47cb62aa814b00f2f8afb9') in 0.0319698 seconds
Number of updated asset objects reloaded before import = 0Number of asset objects unloaded after import = 19

========================================================================
Received Import Request.
  Time since last request: 0.000034 seconds.
  path: Assets/UnityTechnologies/Settings/Universal Render Pipeline Asset.asset
  artifactKey: Guid(3356ea508c7b8403c8c409cd5e4600a6) Importer(2089858483,192608db42251d675da83286b1cce702)
Start importing Assets/UnityTechnologies/Settings/Universal Render Pipeline Asset.asset using Guid(3356ea508c7b8403c8c409cd5e4600a6) Importer(2089858483,192608db42251d675da83286b1cce702) (ScriptedImporter) -> (artifact id: '0fef277a415378a2413043ff1f1b30f1') in 0.1082303 seconds
Number of updated asset objects reloaded before import = 0Number of asset objects unloaded after import = 2

========================================================================
Received Import Request.
  Time since last request: 0.000029 seconds.
  path: Assets/UnityTechnologies/Basic Asset Pack Interior/Materials/WallGrey.mat
  artifactKey: Guid(9e8597a68e94e804d9874df594ebb10c) Importer(2089858483,192608db42251d675da83286b1cce702)
Start importing Assets/UnityTechnologies/Basic Asset Pack Interior/Materials/WallGrey.mat using Guid(9e8597a68e94e804d9874df594ebb10c) Importer(2089858483,192608db42251d675da83286b1cce702) (ScriptedImporter) -> (artifact id: 'b197929675f3124720da2339cdec4fe8') in 0.0240681 seconds
Number of updated asset objects reloaded before import = 0Number of asset objects unloaded after import = 2

========================================================================
Received Import Request.
  Time since last request: 0.000019 seconds.
  path: Assets/UnityTechnologies/Basic Asset Pack Interior/Models/Walls/WallWindowBay4m.FBX
  artifactKey: Guid(fb1818858455d0642ae5a531b2f94afd) Importer(2089858483,192608db42251d675da83286b1cce702)
Start importing Assets/UnityTechnologies/Basic Asset Pack Interior/Models/Walls/WallWindowBay4m.FBX using Guid(fb1818858455d0642ae5a531b2f94afd) Importer(2089858483,192608db42251d675da83286b1cce702) (ScriptedImporter) -> (artifact id: 'eab7fbcee59af3f34f349beffd3af072') in 0.0512113 seconds
Number of updated asset objects reloaded before import = 0Number of asset objects unloaded after import = 35

========================================================================
Received Import Request.
  Time since last request: 0.000026 seconds.
  path: Assets/UnityTechnologies/Basic Asset Pack Interior/Models/Mug.FBX
  artifactKey: Guid(ecbd93ac9b16a704d81261a53ee644da) Importer(2089858483,192608db42251d675da83286b1cce702)
Start importing Assets/UnityTechnologies/Basic Asset Pack Interior/Models/Mug.FBX using Guid(ecbd93ac9b16a704d81261a53ee644da) Importer(2089858483,192608db42251d675da83286b1cce702) (ScriptedImporter) -> (artifact id: 'e77a0fe37d24c0513be21edcd66798a7') in 0.0500841 seconds
Number of updated asset objects reloaded before import = 0Number of asset objects unloaded after import = 7

========================================================================
Received Import Request.
  Time since last request: 0.000039 seconds.
  path: Assets/UnityTechnologies/Basic Asset Pack Interior/Prefabs/Lights/LampSmall.prefab
  artifactKey: Guid(de892086637b2954a894699a741c5465) Importer(2089858483,192608db42251d675da83286b1cce702)
Start importing Assets/UnityTechnologies/Basic Asset Pack Interior/Prefabs/Lights/LampSmall.prefab using Guid(de892086637b2954a894699a741c5465) Importer(2089858483,192608db42251d675da83286b1cce702) (ScriptedImporter) -> (artifact id: '8ff2adf1745eaaf42e25602cc9706268') in 0.0203446 seconds
Number of updated asset objects reloaded before import = 0Number of asset objects unloaded after import = 24

========================================================================
Received Import Request.
  Time since last request: 0.000023 seconds.
  path: Assets/UnityTechnologies/Basic Asset Pack Interior/Models/Floor/Floor2m.FBX
  artifactKey: Guid(ce73d106b4ec7b148b691b2ad5051dfb) Importer(2089858483,192608db42251d675da83286b1cce702)
Start importing Assets/UnityTechnologies/Basic Asset Pack Interior/Models/Floor/Floor2m.FBX using Guid(ce73d106b4ec7b148b691b2ad5051dfb) Importer(2089858483,192608db42251d675da83286b1cce702) (ScriptedImporter) -> (artifact id: 'f5cf18731d650917bb91a3f0511d02bf') in 0.0273037 seconds
Number of updated asset objects reloaded before import = 0Number of asset objects unloaded after import = 7

========================================================================
Received Import Request.
  Time since last request: 0.000022 seconds.
  path: Assets/UnityTechnologies/Basic Asset Pack Interior/Models/Walls/WallWindow2m.FBX
  artifactKey: Guid(33cfc142f7d1009429d61d0bc5be9fd1) Importer(2089858483,192608db42251d675da83286b1cce702)
Start importing Assets/UnityTechnologies/Basic Asset Pack Interior/Models/Walls/WallWindow2m.FBX using Guid(33cfc142f7d1009429d61d0bc5be9fd1) Importer(2089858483,192608db42251d675da83286b1cce702) (ScriptedImporter) -> (artifact id: '7c54621907e4b0cf770c81adf0eb95dd') in 0.0363384 seconds
Number of updated asset objects reloaded before import = 0Number of asset objects unloaded after import = 25

========================================================================
Received Import Request.
  Time since last request: 0.000021 seconds.
  path: Assets/UnityTechnologies/Basic Asset Pack Interior/Prefabs/Lights/LightCeliing.prefab
  artifactKey: Guid(a38f60b20ea9d8e4086d5859b8def0db) Importer(2089858483,192608db42251d675da83286b1cce702)
Start importing Assets/UnityTechnologies/Basic Asset Pack Interior/Prefabs/Lights/LightCeliing.prefab using Guid(a38f60b20ea9d8e4086d5859b8def0db) Importer(2089858483,192608db42251d675da83286b1cce702) (ScriptedImporter) -> (artifact id: 'c682c61b39d08023d7039907973632d5') in 0.0211827 seconds
Number of updated asset objects reloaded before import = 0Number of asset objects unloaded after import = 19

========================================================================
Received Import Request.
  Time since last request: 0.000029 seconds.
  path: Assets/UnityTechnologies/Basic Asset Pack Interior/Models/LightBulb.FBX
  artifactKey: Guid(e47fe05927092224492a466c2d5b61c0) Importer(2089858483,192608db42251d675da83286b1cce702)
Start importing Assets/UnityTechnologies/Basic Asset Pack Interior/Models/LightBulb.FBX using Guid(e47fe05927092224492a466c2d5b61c0) Importer(2089858483,192608db42251d675da83286b1cce702) (ScriptedImporter) -> (artifact id: 'ded2bd705386080ad3827327f57ad2cd') in 0.024742 seconds
Number of updated asset objects reloaded before import = 0Number of asset objects unloaded after import = 7

========================================================================
Received Import Request.
  Time since last request: 0.000034 seconds.
  path: Assets/UnityTechnologies/Basic Asset Pack Interior/Prefabs/Walls/WallDoor2m.prefab
  artifactKey: Guid(bfa974a01b4cbd94eb18f3e7956f9aca) Importer(2089858483,192608db42251d675da83286b1cce702)
Start importing Assets/UnityTechnologies/Basic Asset Pack Interior/Prefabs/Walls/WallDoor2m.prefab using Guid(bfa974a01b4cbd94eb18f3e7956f9aca) Importer(2089858483,192608db42251d675da83286b1cce702) (ScriptedImporter) -> (artifact id: 'd29fffbcd9265811f33ff806aca61cdf') in 0.0184179 seconds
Number of updated asset objects reloaded before import = 0Number of asset objects unloaded after import = 31

========================================================================
Received Import Request.
  Time since last request: 0.000025 seconds.
  path: Assets/UnityTechnologies/Basic Asset Pack Interior/Textures/WallPurple.jpg
  artifactKey: Guid(12230e571c05cf447960ae8b92e72374) Importer(2089858483,192608db42251d675da83286b1cce702)
Start importing Assets/UnityTechnologies/Basic Asset Pack Interior/Textures/WallPurple.jpg using Guid(12230e571c05cf447960ae8b92e72374) Importer(2089858483,192608db42251d675da83286b1cce702) (ScriptedImporter) -> (artifact id: '542d3ba8bce568350241806a84a7423e') in 0.0560433 seconds
Number of updated asset objects reloaded before import = 0Number of asset objects unloaded after import = 1

========================================================================
Received Import Request.
  Time since last request: 0.000024 seconds.
  path: Assets/UnityTechnologies/Basic Asset Pack Interior/Textures/SpotsGrey.jpg
  artifactKey: Guid(bcb9cca11e38f1a408090ebb7fe1d0ee) Importer(2089858483,192608db42251d675da83286b1cce702)
Start importing Assets/UnityTechnologies/Basic Asset Pack Interior/Textures/SpotsGrey.jpg using Guid(bcb9cca11e38f1a408090ebb7fe1d0ee) Importer(2089858483,192608db42251d675da83286b1cce702) (ScriptedImporter) -> (artifact id: 'e4032673cb9d843cf690c0562ca5b002') in 0.0220324 seconds
Number of updated asset objects reloaded before import = 0Number of asset objects unloaded after import = 1

========================================================================
Received Import Request.
  Time since last request: 0.000022 seconds.
  path: Assets/UnityTechnologies/Basic Asset Pack Interior/Materials/Cream.mat
  artifactKey: Guid(3f6142e08336f4e46811b4f657bc9b94) Importer(2089858483,192608db42251d675da83286b1cce702)
Start importing Assets/UnityTechnologies/Basic Asset Pack Interior/Materials/Cream.mat using Guid(3f6142e08336f4e46811b4f657bc9b94) Importer(2089858483,192608db42251d675da83286b1cce702) (ScriptedImporter) -> (artifact id: '0ee897c6bcb2250669cd94b89ec6012b') in 0.0273495 seconds
Number of updated asset objects reloaded before import = 0Number of asset objects unloaded after import = 1

========================================================================
Received Import Request.
  Time since last request: 0.000021 seconds.
  path: Assets/UnityTechnologies/Basic Asset Pack Interior/Prefabs/Walls/WallWindow4m.prefab
  artifactKey: Guid(dd8531eb516f95e40bce6dc3c0ba4525) Importer(2089858483,192608db42251d675da83286b1cce702)
Start importing Assets/UnityTechnologies/Basic Asset Pack Interior/Prefabs/Walls/WallWindow4m.prefab using Guid(dd8531eb516f95e40bce6dc3c0ba4525) Importer(2089858483,192608db42251d675da83286b1cce702) (ScriptedImporter) -> (artifact id: '25ede2c17d165cccaf34806f69997c9c') in 0.0150334 seconds
Number of updated asset objects reloaded before import = 0Number of asset objects unloaded after import = 36

========================================================================
Received Import Request.
  Time since last request: 0.000036 seconds.
  path: Assets/UnityTechnologies/Basic Asset Pack Interior/Materials/WallPurple.mat
  artifactKey: Guid(991a2f3f1e99b1649b5c043cf6efe0d0) Importer(2089858483,192608db42251d675da83286b1cce702)
Start importing Assets/UnityTechnologies/Basic Asset Pack Interior/Materials/WallPurple.mat using Guid(991a2f3f1e99b1649b5c043cf6efe0d0) Importer(2089858483,192608db42251d675da83286b1cce702) (ScriptedImporter) -> (artifact id: 'afc91e03dd70a7815c1c5476e977744d') in 0.0220174 seconds
Number of updated asset objects reloaded before import = 0Number of asset objects unloaded after import = 2

========================================================================
Received Import Request.
  Time since last request: 0.000023 seconds.
  path: Assets/UnityTechnologies/Basic Asset Pack Interior/Materials/WallGreen.mat
  artifactKey: Guid(71e87038bf775fc45b3e16ed33163afa) Importer(2089858483,192608db42251d675da83286b1cce702)
Start importing Assets/UnityTechnologies/Basic Asset Pack Interior/Materials/WallGreen.mat using Guid(71e87038bf775fc45b3e16ed33163afa) Importer(2089858483,192608db42251d675da83286b1cce702) (ScriptedImporter) -> (artifact id: 'a567cb78fccad7fef68381ff30609d21') in 0.0251751 seconds
Number of updated asset objects reloaded before import = 0Number of asset objects unloaded after import = 2

========================================================================
Received Import Request.
  Time since last request: 0.000022 seconds.
  path: Assets/UnityTechnologies/Basic Asset Pack Interior/Prefabs/Lights/LightCeliingDome.prefab
  artifactKey: Guid(aca4f0effb3f3614eb4ad28467e7e424) Importer(2089858483,192608db42251d675da83286b1cce702)
Start importing Assets/UnityTechnologies/Basic Asset Pack Interior/Prefabs/Lights/LightCeliingDome.prefab using Guid(aca4f0effb3f3614eb4ad28467e7e424) Importer(2089858483,192608db42251d675da83286b1cce702) (ScriptedImporter) -> (artifact id: 'dca22c50cd5c06c921986bdf2cad308d') in 0.0218305 seconds
Number of updated asset objects reloaded before import = 0Number of asset objects unloaded after import = 19

========================================================================
Received Import Request.
  Time since last request: 0.000024 seconds.
  path: Assets/UnityTechnologies/Basic Asset Pack Interior/Prefabs/Furniture/ChairDinningA.prefab
  artifactKey: Guid(c1ba8c53d80d3b6499fa2f153355b346) Importer(2089858483,192608db42251d675da83286b1cce702)
Start importing Assets/UnityTechnologies/Basic Asset Pack Interior/Prefabs/Furniture/ChairDinningA.prefab using Guid(c1ba8c53d80d3b6499fa2f153355b346) Importer(2089858483,192608db42251d675da83286b1cce702) (ScriptedImporter) -> (artifact id: '8c2b0506331a594481f72069d1838693') in 0.0177748 seconds
Number of updated asset objects reloaded before import = 0Number of asset objects unloaded after import = 7

========================================================================
Received Import Request.
  Time since last request: 0.000023 seconds.
  path: Assets/UnityTechnologies/Basic Asset Pack Interior/Materials/PatternStripeGreen.mat
  artifactKey: Guid(f22528325483e2746a2c633d7a2ae22c) Importer(2089858483,192608db42251d675da83286b1cce702)
Start importing Assets/UnityTechnologies/Basic Asset Pack Interior/Materials/PatternStripeGreen.mat using Guid(f22528325483e2746a2c633d7a2ae22c) Importer(2089858483,192608db42251d675da83286b1cce702) (ScriptedImporter) -> (artifact id: 'c67063ba2daa2f2ae57e7d96fda043e4') in 0.0193262 seconds
Number of updated asset objects reloaded before import = 0Number of asset objects unloaded after import = 2

========================================================================
Received Import Request.
  Time since last request: 0.000021 seconds.
  path: Assets/UnityTechnologies/Basic Asset Pack Interior/Materials/PatternStripeGrey.mat
  artifactKey: Guid(f95d116f9690653489083d8ea7ca3c29) Importer(2089858483,192608db42251d675da83286b1cce702)
Start importing Assets/UnityTechnologies/Basic Asset Pack Interior/Materials/PatternStripeGrey.mat using Guid(f95d116f9690653489083d8ea7ca3c29) Importer(2089858483,192608db42251d675da83286b1cce702) (ScriptedImporter) -> (artifact id: '4057228753c1f8c5b3ca0a9806340290') in 0.0192135 seconds
Number of updated asset objects reloaded before import = 0Number of asset objects unloaded after import = 2

========================================================================
Received Import Request.
  Time since last request: 0.000044 seconds.
  path: Assets/UnityTechnologies/Basic Asset Pack Interior/Textures/TrimSheet_Purples.jpg
  artifactKey: Guid(82f506f38dd51b14988d918088a34085) Importer(2089858483,192608db42251d675da83286b1cce702)
Start importing Assets/UnityTechnologies/Basic Asset Pack Interior/Textures/TrimSheet_Purples.jpg using Guid(82f506f38dd51b14988d918088a34085) Importer(2089858483,192608db42251d675da83286b1cce702) (ScriptedImporter) -> (artifact id: 'd5e4696dcc906a3088d2bd068811781d') in 0.0232594 seconds
Number of updated asset objects reloaded before import = 0Number of asset objects unloaded after import = 1

========================================================================
Received Import Request.
  Time since last request: 0.000022 seconds.
  path: Assets/UnityTechnologies/Basic Asset Pack Interior/Prefabs/Walls/Wall2m.prefab
  artifactKey: Guid(c28f78ec568fdde469c5319409c09d3c) Importer(2089858483,192608db42251d675da83286b1cce702)
Start importing Assets/UnityTechnologies/Basic Asset Pack Interior/Prefabs/Walls/Wall2m.prefab using Guid(c28f78ec568fdde469c5319409c09d3c) Importer(2089858483,192608db42251d675da83286b1cce702) (ScriptedImporter) -> (artifact id: '9ff0ca2fceb57e4bb4a35ddd2bbf6d3a') in 0.0160942 seconds
Number of updated asset objects reloaded before import = 0Number of asset objects unloaded after import = 14

========================================================================
Received Import Request.
  Time since last request: 0.000026 seconds.
  path: Assets/UnityTechnologies/Basic Asset Pack Interior/Models/Floor/Floor1m.FBX
  artifactKey: Guid(771e4240123bb4e4e843968dfaf72fd5) Importer(2089858483,192608db42251d675da83286b1cce702)
Start importing Assets/UnityTechnologies/Basic Asset Pack Interior/Models/Floor/Floor1m.FBX using Guid(771e4240123bb4e4e843968dfaf72fd5) Importer(2089858483,192608db42251d675da83286b1cce702) (ScriptedImporter) -> (artifact id: '1eb77cb3413bfb1b1b8e8153eef10d09') in 0.0233111 seconds
Number of updated asset objects reloaded before import = 0Number of asset objects unloaded after import = 7

========================================================================
Received Import Request.
  Time since last request: 0.000017 seconds.
  path: Assets/UnityTechnologies/Basic Asset Pack Interior/Materials/WallsBlue.mat
  artifactKey: Guid(9eaf7873583253a4eb7f91ae48b41745) Importer(2089858483,192608db42251d675da83286b1cce702)
Start importing Assets/UnityTechnologies/Basic Asset Pack Interior/Materials/WallsBlue.mat using Guid(9eaf7873583253a4eb7f91ae48b41745) Importer(2089858483,192608db42251d675da83286b1cce702) (ScriptedImporter) -> (artifact id: '4b5607cf7429f320baaf4c9383c1e601') in 0.0211177 seconds
Number of updated asset objects reloaded before import = 0Number of asset objects unloaded after import = 2

========================================================================
Received Import Request.
  Time since last request: 0.000029 seconds.
  path: Assets/UnityTechnologies/Basic Asset Pack Interior/Models/TableRectangleMedium.FBX
  artifactKey: Guid(5039954c1403bf247a4d8b42af5c0a27) Importer(2089858483,192608db42251d675da83286b1cce702)
Start importing Assets/UnityTechnologies/Basic Asset Pack Interior/Models/TableRectangleMedium.FBX using Guid(5039954c1403bf247a4d8b42af5c0a27) Importer(2089858483,192608db42251d675da83286b1cce702) (ScriptedImporter) -> (artifact id: '933c0263467bd8c3570c1939a1a9cfb2') in 0.0311822 seconds
Number of updated asset objects reloaded before import = 0Number of asset objects unloaded after import = 7

========================================================================
Received Import Request.
  Time since last request: 0.000062 seconds.
  path: Assets/UnityTechnologies/Basic Asset Pack Interior/Models/BedSingle.FBX
  artifactKey: Guid(143675af431aa314f83da80f5aff8dbe) Importer(2089858483,192608db42251d675da83286b1cce702)
Start importing Assets/UnityTechnologies/Basic Asset Pack Interior/Models/BedSingle.FBX using Guid(143675af431aa314f83da80f5aff8dbe) Importer(2089858483,192608db42251d675da83286b1cce702) (ScriptedImporter) -> (artifact id: 'c176a51dd0ea19e82dd6db274bb9d223') in 0.0267346 seconds
Number of updated asset objects reloaded before import = 0Number of asset objects unloaded after import = 8

========================================================================
Received Import Request.
  Time since last request: 0.000025 seconds.
  path: Assets/UnityTechnologies/Basic Asset Pack Interior/Textures/WallBlule.jpg
  artifactKey: Guid(0f980e7ee18ebf945bd589868923e16a) Importer(2089858483,192608db42251d675da83286b1cce702)
Start importing Assets/UnityTechnologies/Basic Asset Pack Interior/Textures/WallBlule.jpg using Guid(0f980e7ee18ebf945bd589868923e16a) Importer(2089858483,192608db42251d675da83286b1cce702) (ScriptedImporter) -> (artifact id: '0c09f1ad6b0548a7e0c2a756be06b614') in 0.0249954 seconds
Number of updated asset objects reloaded before import = 0Number of asset objects unloaded after import = 1

========================================================================
Received Import Request.
  Time since last request: 0.000088 seconds.
  path: Assets/UnityTechnologies/Basic Asset Pack Interior/Models/LampShadeDome.FBX
  artifactKey: Guid(06fde725bfec3e24b8ece101a9c7206a) Importer(2089858483,192608db42251d675da83286b1cce702)
Start importing Assets/UnityTechnologies/Basic Asset Pack Interior/Models/LampShadeDome.FBX using Guid(06fde725bfec3e24b8ece101a9c7206a) Importer(2089858483,192608db42251d675da83286b1cce702) (ScriptedImporter) -> (artifact id: '9d2e6ccf36ec916293a65701f371ad1b') in 0.0276713 seconds
Number of updated asset objects reloaded before import = 0Number of asset objects unloaded after import = 7

========================================================================
Received Import Request.
  Time since last request: 0.000018 seconds.
  path: Assets/UnityTechnologies/Basic Asset Pack Interior/Models/TableNarrowSingleDraw.FBX
  artifactKey: Guid(97a0194b97270584fa02972e33e11013) Importer(2089858483,192608db42251d675da83286b1cce702)
Start importing Assets/UnityTechnologies/Basic Asset Pack Interior/Models/TableNarrowSingleDraw.FBX using Guid(97a0194b97270584fa02972e33e11013) Importer(2089858483,192608db42251d675da83286b1cce702) (ScriptedImporter) -> (artifact id: '7be1ece57ddf7dcfb9d8772f8431980e') in 0.0230548 seconds
Number of updated asset objects reloaded before import = 0Number of asset objects unloaded after import = 7

Editor requested this worker to shutdown with reason: Scaling down because of idle timeout
AssetImportWorker is now disconnected from the server
Process exiting
Exiting without the bug reporter. Application will terminate with return code 0